2025-04-04 11:05:06.884460 - Received CBT.V508.FILE520.PDS from FILE520.XMI 
2025-04-04 11:05:06.885501 - Found $$$#DATE.txt (text/plain) in CBT.V508.FILE520.PDS, moved to PDS/$$$#DATE
2025-04-04 11:05:06.885649 - Found $$NOTE01.eml (message/rfc822) in CBT.V508.FILE520.PDS, moved to PDS/$$NOTE01
2025-04-04 11:05:06.885786 - Found $PDSLOAD.jcl (text/plain) in CBT.V508.FILE520.PDS, moved to PDS/$PDSLOAD
2025-04-04 11:05:06.885921 - Found $SCCPDSD.txt (text/plain) in CBT.V508.FILE520.PDS, moved to PDS/$SCCPDSD
2025-04-04 11:05:06.886044 - Found $SCCPDSR.txt (text/plain) in CBT.V508.FILE520.PDS, moved to PDS/$SCCPDSR
2025-04-04 11:05:06.886171 - Found $WILDCAR.txt (text/plain) in CBT.V508.FILE520.PDS, moved to PDS/$WILDCAR
2025-04-04 11:05:06.886335 - Found @FILE520.txt (text/plain) in CBT.V508.FILE520.PDS, moved to PDS/@FILE520
2025-04-04 11:05:06.886504 - Found DSN4DD.txt (text/plain) in CBT.V508.FILE520.PDS, moved to PDS/DSN4DD
2025-04-04 11:05:06.886635 - Found ID.txt (text/plain) in CBT.V508.FILE520.PDS, moved to PDS/ID
2025-04-04 11:05:06.886763 - Found MERGE@PC.rexx (text/plain) in CBT.V508.FILE520.PDS, moved to PDS/MERGE@PC
2025-04-04 11:05:06.886913 - Found PDSLOAD.xmi (application/xmit) in CBT.V508.FILE520.PDS, moved to PDS/PDSLOAD.xmi
2025-04-04 11:05:06.891463 - Received WSBG.LOAD from PDSLOAD.xmi 
2025-04-04 11:05:06.891803 - Found PDSLOAD.bin (application/octet-stream) in WSBG.LOAD, moved to PDSLOAD/PDSLOAD
2025-04-04 11:05:06.892141 - Found SCC@DSN.txt (text/plain) in CBT.V508.FILE520.PDS, moved to PDS/SCC@DSN
2025-04-04 11:05:06.892274 - Found SCCALLOC.txt (text/plain) in CBT.V508.FILE520.PDS, moved to PDS/SCCALLOC
2025-04-04 11:05:06.892397 - Found SCCPDSD.txt (text/plain) in CBT.V508.FILE520.PDS, moved to PDS/SCCPDSD
2025-04-04 11:05:06.892526 - Found SCCPDSR.txt (text/plain) in CBT.V508.FILE520.PDS, moved to PDS/SCCPDSR
2025-04-04 11:05:06.892649 - Found SCXSORT.txt (text/plain) in CBT.V508.FILE520.PDS, moved to PDS/SCXSORT
2025-04-04 11:05:06.892772 - Found VARLIST.txt (text/plain) in CBT.V508.FILE520.PDS, moved to PDS/VARLIST
2025-04-04 11:05:06.892894 - Found VARLISTS.txt (text/plain) in CBT.V508.FILE520.PDS, moved to PDS/VARLISTS
2025-04-04 11:05:06.893010 - Found WILDCARD.txt (text/plain) in CBT.V508.FILE520.PDS, moved to PDS/WILDCARD
